Bienvenidos a AeroProg2
version 1.0
InCo-FIng-UdelaR

>Cliente 1863456-UY ingresado.
>Avion 0 ingresado.
>Linea INCO200 ingresada.
>Linea INCO237 ingresada.
>Fecha 20100427 inicializada.
>Asiento 3-TURISTA-20100429-INCO200 resevado a 1863456-UY.
>Asiento 1-TURISTA-20100429-INCO200 resevado a 1863456-UY.
>Asiento 9-PRIMERA-20100430-INCO237 resevado a 1863456-UY.
>Asiento 2-TURISTA-20100429-INCO200 vendido a 1863456-UY.
Costo: 400-EFECTIVO. Puntos: 50.
>Asiento 1-TURISTA-20100429-INCO200 vendido a 1863456-UY.
Costo: 400-EFECTIVO. Puntos: 50.
>Reserva 9-PRIMERA-20100430-INCO237-1863456-UY cancelada.
>Asiento 9-PRIMERA-20100430-INCO237 resevado a 1863456-UY.
>Reserva 9-PRIMERA-20100430-INCO237-1863456-UY cancelada.
>Asiento 9-PRIMERA-20100430-INCO237 resevado a 1863456-UY.
>Asiento 9-TURISTA-20100430-INCO237 resevado a 1863456-UY.
>Asiento 9-TURISTA-20100430-INCO237 vendido a 1863456-UY.
Costo: 100-PUNTOS. Puntos: 10.
>Fecha actual 20100428. Reservas liberadas: 1.
>Fecha actual 20100429. Reservas liberadas: 1.
>Planilla de Vuelos que Salen Hoy:
Linea: INCO200-0-10-100-AIRBUSA300-MVD-EZE-1400-300-DIARIA.
Primera:
Turista:
Asiento: 1-Cliente: 'Roberto'-'Gomez'-1863456-UY
Asiento: 2-Cliente: 'Roberto'-'Gomez'-1863456-UY
>Fecha actual 20100430. Reservas liberadas: 0.
>Planilla de Vuelos que Salen Hoy:
Linea: INCO237-0-10-100-AIRBUSA300-MVD-MAD-2030-60-SEMANAL VIERNES.
Primera:
Turista:
Asiento: 9-Cliente: 'Roberto'-'Gomez'-1863456-UY
>Fecha actual 20100501. Reservas liberadas: 0.
>Fecha actual 20100502. Reservas liberadas: 0.
>Cliente: 'Roberto'-'Gomez'-1863456-UY--55.
Movimientos:
3-TURISTA-20100429-INCO200-MULTA
1-TURISTA-20100429-INCO200-COMPRA
9-PRIMERA-20100430-INCO237-CANCELA
2-TURISTA-20100429-INCO200-COMPRA
9-PRIMERA-20100430-INCO237-CANCELA
9-PRIMERA-20100430-INCO237-MULTA
9-TURISTA-20100430-INCO237-COMPRA
>Fin!