Bienvenidos a AeroProg2
version 1.0
InCo-FIng-UdelaR

>Avion 0 ingresado.
>Linea CELESTE ingresada.
>Fecha 20100510 inicializada.
>Cliente 1244899-UY ingresado.
>Asiento 1-PRIMERA-20100609-CELESTE vendido a 1244899-UY.
Costo: 2640-EFECTIVO. Puntos: 330.
>Cliente 3240765-UY ingresado.
>Asiento 7-PRIMERA-20100609-CELESTE vendido a 3240765-UY.
Costo: 2640-EFECTIVO. Puntos: 330.
>Cliente 3965231-UY ingresado.
>Asiento 2-PRIMERA-20100609-CELESTE vendido a 3965231-UY.
Costo: 2640-EFECTIVO. Puntos: 330.
>Fecha actual 20100511. Reservas liberadas: 0.
>Fecha actual 20100512. Reservas liberadas: 0.
>Cliente 2889746-UY ingresado.
>Asiento 5-PRIMERA-20100609-CELESTE resevado a 2889746-UY.
>Cliente 4263007-UY ingresado.
>Asiento 13-PRIMERA-20100609-CELESTE resevado a 4263007-UY.
>Fecha actual 20100513. Reservas liberadas: 0.
>Reserva 13-PRIMERA-20100609-CELESTE-4263007-UY cancelada.
>Cliente 2976492-UY ingresado.
>Asiento 3-PRIMERA-20100609-CELESTE vendido a 2976492-UY.
Costo: 2640-EFECTIVO. Puntos: 330.
>Fin!